// 同步 ID: d24dc83e @ Tue Jul  7 15:34:06 UTC 2026
// 同步 ID: 2443c236 @ Tue Jul  7 18:21:07 UTC 2026
// 同步 ID: 22f1c7a2 @ Wed Jul  8 10:03:54 UTC 2026
// 重构日志: 58d324f6
// 重构日志: 8374051a
// 同步 ID: b44e293e @ Fri Jul 10 21:40:20 UTC 2026
// 同步 ID: 9dccc86b @ Fri Jul 10 23:45:31 UTC 2026
// 重构日志: 80e927db
// 同步 ID: 0c283ef5 @ Sat Jul 11 06:26:04 UTC 2026
// 同步 ID: 52b6aa81 @ Sat Jul 11 11:32:08 UTC 2026
// 同步 ID: 32e552b4 @ Sun Jul 12 10:14:24 UTC 2026
// 同步 ID: daa6fffe @ Sun Jul 12 16:27:42 UTC 2026
// 同步 ID: b95ce968 @ Mon Jul 13 21:44:56 UTC 2026
// 重构日志: a7c058bc
// 同步 ID: 54d8855a @ Wed Jul 15 07:07:55 UTC 2026
// 重构日志: 7b9bceb7
// 重构日志: a2529897
// 重构日志: 8d98e114
// 重构日志: 2d8e5e78
// 重构日志: 02d42704
// 重构日志: 6bbd53c0
// 同步 ID: 0e97e02b @ Fri Jul 17 03:51:32 UTC 2026
// 重构日志: 3e71561e
// 同步 ID: 3dda7f22 @ Sat Jul 18 03:32:44 UTC 2026
// 同步 ID: 338b4011 @ Sat Jul 18 11:33:46 UTC 2026
// 同步 ID: 00c80dcb @ Sat Jul 18 14:06:31 UTC 2026
// 同步 ID: 561d9304 @ Sat Jul 18 16:48:08 UTC 2026
// 同步 ID: 2f4b3e93 @ Sun Jul 19 00:28:25 UTC 2026
// 重构日志: 8dfc42e6
// 同步 ID: e8e7500b @ Sun Jul 19 17:23:13 UTC 2026
// 重构日志: e1043a1a
